#
# A fatal error has been detected by the Java Runtime Environment:
#
#  EXCEPTION_ACCESS_VIOLATION (0xc0000005) at pc=0x00007fff45ea2f2b, pid=6548, tid=0x0000000000001998
#
# JRE version: Java(TM) SE Runtime Environment (8.0_102-b14) (build 1.8.0_102-b14)
# Java VM: Java HotSpot(TM) 64-Bit Server VM (25.102-b14 mixed mode windows-amd64 compressed oops)
# Problematic frame:
# C  [ig9icd64.dll+0x7a2f2b]
#
# Failed to write core dump. Minidumps are not enabled by default on client versions of Windows
#
# If you would like to submit a bug report, please visit:
#   http://bugreport.java.com/bugreport/crash.jsp
# The crash happened outside the Java Virtual Machine in native code.
# See problematic frame for where to report the bug.
#

---------------  T H R E A D  ---------------

Current thread (0x000000001a1d1000):  JavaThread "LWJGL Application" [_thread_in_native, id=6552, stack(0x000000001b1a0000,0x000000001b2a0000)]

siginfo: ExceptionCode=0xc0000005, writing address 0x0000000000000001

Registers:
RAX=0x0000000000000043, RBX=0x000000001b29d7c5, RCX=0x0000000000000001, RDX=0x0000000000000004
RSP=0x000000001b29d770, RBP=0x000000001b29d7c8, RSI=0x0000000000000004, RDI=0x000000001b29d7c8
R8 =0xffffffffe4d6283c, R9 =0x0000000000000000, R10=0x0000000000000000, R11=0x000000001b29d790
R12=0x00000007d419a840, R13=0x000000001b29e200, R14=0x0000000000000112, R15=0x00000007d276ca20
RIP=0x00007fff45ea2f2b, EFLAGS=0x0000000000010202

Top of Stack: (sp=0x000000001b29d770)
0x000000001b29d770:   000000001b29d868 0000000000000000
0x000000001b29d780:   0000000000000000 0000000000000000
0x000000001b29d790:   000000001b29d8f8 00007fff45ea5148
0x000000001b29d7a0:   000000019a2dc5f0 000000001b29d8a0
0x000000001b29d7b0:   0000000000000000 00007fff45712233
0x000000001b29d7c0:   dec04342d421dd50 0000000000000000
0x000000001b29d7d0:   0000000000000000 0000000000040000
0x000000001b29d7e0:   0000000000000000 00007fff45d111e4
0x000000001b29d7f0:   000000001b29d7c8 00000005c64e8f40
0x000000001b29d800:   0000000000000002 0000000000000000
0x000000001b29d810:   0000000000000000 0000000000000000
0x000000001b29d820:   0000000000000000 0000000000000000
0x000000001b29d830:   0000000000000000 0000000000000000
0x000000001b29d840:   0000000000000000 0000000000000000
0x000000001b29d850:   000000019a2dc6e8 00007fff45dbec41
0x000000001b29d860:   000000001b290104 0000000000000000 

Instructions: (pc=0x00007fff45ea2f2b)
0x00007fff45ea2f0b:   08 33 c0 48 3b dd 48 8b d6 48 0f 47 d0 48 85 d2
0x00007fff45ea2f1b:   74 1f 4c 8b c3 49 f7 d8 48 85 c9 74 05 0f b6 03
0x00007fff45ea2f2b:   88 01 48 ff c3 48 ff c1 49 8d 04 18 48 3b c2 75
0x00007fff45ea2f3b:   e7 48 01 77 08 48 8b 5c 24 30 48 8b 6c 24 38 48 


Register to memory mapping:

RAX=0x0000000000000043 is an unknown value
RBX=0x000000001b29d7c5 is pointing into the stack for thread: 0x000000001a1d1000
RCX=0x0000000000000001 is an unknown value
RDX=0x0000000000000004 is an unknown value
RSP=0x000000001b29d770 is pointing into the stack for thread: 0x000000001a1d1000
RBP=0x000000001b29d7c8 is pointing into the stack for thread: 0x000000001a1d1000
RSI=0x0000000000000004 is an unknown value
RDI=0x000000001b29d7c8 is pointing into the stack for thread: 0x000000001a1d1000
R8 =0xffffffffe4d6283c is an unknown value
R9 =0x0000000000000000 is an unknown value
R10=0x0000000000000000 is an unknown value
R11=0x000000001b29d790 is pointing into the stack for thread: 0x000000001a1d1000
R12=0x00000007d419a840 is an unknown value
R13=0x000000001b29e200 is pointing into the stack for thread: 0x000000001a1d1000
R14=0x0000000000000112 is an unknown value
R15=0x00000007d276ca20 is an unknown value


Stack: [0x000000001b1a0000,0x000000001b2a0000],  sp=0x000000001b29d770,  free space=1013k
Native frames: (J=compiled Java code, j=interpreted, Vv=VM code, C=native code)
C  [ig9icd64.dll+0x7a2f2b]
C  [ig9icd64.dll+0x7a5148]
C  [ig9icd64.dll+0x75a04f]
C  [ig9icd64.dll+0x77a0d4]
C  [ig9icd64.dll+0x72cbd3]
C  [ig9icd64.dll+0x165f54]
C  [ig9icd64.dll+0x165d1b]
C  [ig9icd64.dll+0x171fdf]
C  [ig9icd64.dll+0x1721a1]
C  [ig9icd64.dll+0x172371]
C  0x0000000003392d8a

Java frames: (J=compiled Java code, j=interpreted, Vv=VM code)
J 878  org.lwjgl.opengl.GL20.nglLinkProgram(IJ)V (0 bytes) @ 0x0000000003392d04 [0x0000000003392cc0+0x44]
J 1114 C2 com.badlogic.gdx.graphics.glutils.ShaderProgram.linkProgram(I)I (100 bytes) @ 0x000000000346eb28 [0x000000000346e9c0+0x168]
J 560 C2 spilprojekt4.core.Game.render()V (423 bytes) @ 0x00000000032d5048 [0x00000000032d30a0+0x1fa8]
J 1209% C1 com.badlogic.gdx.backends.lwjgl.LwjglApplication.mainLoop()V (886 bytes) @ 0x00000000034b752c [0x00000000034b33c0+0x416c]
j  com.badlogic.gdx.backends.lwjgl.LwjglApplication$1.run()V+27
v  ~StubRoutines::call_stub

---------------  P R O C E S S  ---------------

Java Threads: ( => current thread )
  0x000000001a5e8800 JavaThread "LWJGL Timer" daemon [_thread_blocked, id=1088, stack(0x0000000020660000,0x0000000020760000)]
  0x0000000002f42800 JavaThread "DestroyJavaVM" [_thread_blocked, id=4368, stack(0x0000000002d40000,0x0000000002e40000)]
=>0x000000001a1d1000 JavaThread "LWJGL Application" [_thread_in_native, id=6552, stack(0x000000001b1a0000,0x000000001b2a0000)]
  0x0000000019432800 JavaThread "Service Thread" daemon [_thread_blocked, id=5396, stack(0x0000000019800000,0x0000000019900000)]
  0x0000000017b8e000 JavaThread "C1 CompilerThread2" daemon [_thread_blocked, id=5496, stack(0x0000000019300000,0x0000000019400000)]
  0x0000000017b83800 JavaThread "C2 CompilerThread1" daemon [_thread_blocked, id=6308, stack(0x0000000019200000,0x0000000019300000)]
  0x0000000017b80800 JavaThread "C2 CompilerThread0" daemon [_thread_blocked, id=524, stack(0x0000000019100000,0x0000000019200000)]
  0x0000000017b7f000 JavaThread "Attach Listener" daemon [_thread_blocked, id=7148, stack(0x0000000019000000,0x0000000019100000)]
  0x0000000017b7e000 JavaThread "Signal Dispatcher" daemon [_thread_blocked, id=6260, stack(0x0000000018f00000,0x0000000019000000)]
  0x000000000303b000 JavaThread "Finalizer" daemon [_thread_blocked, id=2116, stack(0x0000000018e00000,0x0000000018f00000)]
  0x0000000003032000 JavaThread "Reference Handler" daemon [_thread_blocked, id=2932, stack(0x0000000018d00000,0x0000000018e00000)]

Other Threads:
  0x0000000017b47000 VMThread [stack: 0x0000000018c00000,0x0000000018d00000] [id=7072]
  0x0000000019458000 WatcherThread [stack: 0x0000000019ce0000,0x0000000019de0000] [id=2652]

VM state:not at safepoint (normal execution)

VM Mutex/Monitor currently owned by a thread: None

Heap:
 PSYoungGen      total 395264K, used 200161K [0x00000000d5e00000, 0x00000000fb200000, 0x0000000100000000)
  eden space 202752K, 26% used [0x00000000d5e00000,0x00000000d91f4690,0x00000000e2400000)
  from space 192512K, 76% used [0x00000000e2400000,0x00000000eb384080,0x00000000ee000000)
  to   space 197120K, 0% used [0x00000000ef180000,0x00000000ef180000,0x00000000fb200000)
 ParOldGen       total 682496K, used 615425K [0x0000000081a00000, 0x00000000ab480000, 0x00000000d5e00000)
  object space 682496K, 90% used [0x0000000081a00000,0x00000000a73007b0,0x00000000ab480000)
 Metaspace       used 7124K, capacity 7235K, committed 7424K, reserved 1056768K
  class space    used 639K, capacity 656K, committed 768K, reserved 1048576K

Card table byte_map: [0x0000000012400000,0x0000000012800000] byte_map_base: 0x0000000011ff3000

Marking Bits: (ParMarkBitMap*) 0x0000000064aaa6c0
 Begin Bits: [0x0000000012eb0000, 0x0000000014e48000)
 End Bits:   [0x0000000014e48000, 0x0000000016de0000)

Polling page: 0x0000000002c60000

CodeCache: size=245760Kb used=4392Kb max_used=4527Kb free=241367Kb
 bounds [0x0000000003040000, 0x00000000034d0000, 0x0000000012040000]
 total_blobs=1569 nmethods=1115 adapters=367
 compilation: enabled

Compilation events (10 events):
Event: 1138.579 Thread 0x0000000017b8e000 1209 % !   3       com.badlogic.gdx.backends.lwjgl.LwjglApplication::mainLoop @ 71 (886 bytes)
Event: 1138.618 Thread 0x0000000017b8e000 nmethod 1209% 0x00000000034b2990 code [0x00000000034b33c0, 0x00000000034b9878]
Event: 1143.408 Thread 0x0000000017b8e000 1210 % !   3       java.lang.ref.Finalizer$FinalizerThread::run @ 33 (55 bytes)
Event: 1143.410 Thread 0x0000000017b8e000 nmethod 1210% 0x0000000003484ad0 code [0x0000000003484d00, 0x00000000034859e8]
Event: 1157.547 Thread 0x0000000017b8e000 1211   !   3       com.badlogic.gdx.backends.lwjgl.LwjglApplication::mainLoop (886 bytes)
Event: 1157.561 Thread 0x0000000017b8e000 nmethod 1211 0x00000000034be810 code [0x00000000034bf220, 0x00000000034c54b8]
Event: 1161.621 Thread 0x0000000017b8e000 1212   !   3       java.lang.ref.Finalizer$FinalizerThread::run (55 bytes)
Event: 1161.622 Thread 0x0000000017b8e000 nmethod 1212 0x0000000003279590 code [0x00000000032797c0, 0x000000000327a488]
Event: 1181.131 Thread 0x0000000017b80800 1213   !   4       java.lang.ref.ReferenceQueue::remove (125 bytes)
Event: 1181.141 Thread 0x0000000017b80800 nmethod 1213 0x00000000032999d0 code [0x0000000003299b40, 0x000000000329a0f8]

GC Heap History (10 events):
Event: 1121.886 GC heap before
{Heap before GC invocations=337 (full 11):
 PSYoungGen      total 357376K, used 327761K [0x00000000d5e00000, 0x00000000f7f80000, 0x0000000100000000)
  eden space 186880K, 100% used [0x00000000d5e00000,0x00000000e1480000,0x00000000e1480000)
  from space 170496K, 82% used [0x00000000e1480000,0x00000000e9e146e0,0x00000000ebb00000)
  to   space 178688K, 0% used [0x00000000ed100000,0x00000000ed100000,0x00000000f7f80000)
 ParOldGen       total 595456K, used 573298K [0x0000000081a00000, 0x00000000a5f80000, 0x00000000d5e00000)
  object space 595456K, 96% used [0x0000000081a00000,0x00000000a49dc9e8,0x00000000a5f80000)
 Metaspace       used 7109K, capacity 7235K, committed 7424K, reserved 1056768K
  class space    used 639K, capacity 656K, committed 768K, reserved 1048576K
Event: 1121.966 GC heap after
Heap after GC invocations=337 (full 11):
 PSYoungGen      total 371712K, used 144977K [0x00000000d5e00000, 0x00000000f8f80000, 0x0000000100000000)
  eden space 193024K, 0% used [0x00000000d5e00000,0x00000000d5e00000,0x00000000e1a80000)
  from space 178688K, 81% used [0x00000000ed100000,0x00000000f5e946e0,0x00000000f7f80000)
  to   space 186880K, 0% used [0x00000000e1a80000,0x00000000e1a80000,0x00000000ed100000)
 ParOldGen       total 595456K, used 580914K [0x0000000081a00000, 0x00000000a5f80000, 0x00000000d5e00000)
  object space 595456K, 97% used [0x0000000081a00000,0x00000000a514c9e8,0x00000000a5f80000)
 Metaspace       used 7109K, capacity 7235K, committed 7424K, reserved 1056768K
  class space    used 639K, capacity 656K, committed 768K, reserved 1048576K
}
Event: 1121.967 GC heap before
{Heap before GC invocations=338 (full 12):
 PSYoungGen      total 371712K, used 144977K [0x00000000d5e00000, 0x00000000f8f80000, 0x0000000100000000)
  eden space 193024K, 0% used [0x00000000d5e00000,0x00000000d5e00000,0x00000000e1a80000)
  from space 178688K, 81% used [0x00000000ed100000,0x00000000f5e946e0,0x00000000f7f80000)
  to   space 186880K, 0% used [0x00000000e1a80000,0x00000000e1a80000,0x00000000ed100000)
 ParOldGen       total 595456K, used 580914K [0x0000000081a00000, 0x00000000a5f80000, 0x00000000d5e00000)
  object space 595456K, 97% used [0x0000000081a00000,0x00000000a514c9e8,0x00000000a5f80000)
 Metaspace       used 7109K, capacity 7235K, committed 7424K, reserved 1056768K
  class space    used 639K, capacity 656K, committed 768K, reserved 1048576K
Event: 1124.975 GC heap after
Heap after GC invocations=338 (full 12):
 PSYoungGen      total 371712K, used 127420K [0x00000000d5e00000, 0x00000000f8f80000, 0x0000000100000000)
  eden space 193024K, 0% used [0x00000000d5e00000,0x00000000d5e00000,0x00000000e1a80000)
  from space 178688K, 71% used [0x00000000ed100000,0x00000000f4d6f288,0x00000000f7f80000)
  to   space 186880K, 0% used [0x00000000e1a80000,0x00000000e1a80000,0x00000000ed100000)
 ParOldGen       total 682496K, used 595041K [0x0000000081a00000, 0x00000000ab480000, 0x00000000d5e00000)
  object space 682496K, 87% used [0x0000000081a00000,0x00000000a5f187b0,0x00000000ab480000)
 Metaspace       used 7109K, capacity 7235K, committed 7424K, reserved 1056768K
  class space    used 639K, capacity 656K, committed 768K, reserved 1048576K
}
Event: 1143.286 GC heap before
{Heap before GC invocations=339 (full 12):
 PSYoungGen      total 371712K, used 320444K [0x00000000d5e00000, 0x00000000f8f80000, 0x0000000100000000)
  eden space 193024K, 100% used [0x00000000d5e00000,0x00000000e1a80000,0x00000000e1a80000)
  from space 178688K, 71% used [0x00000000ed100000,0x00000000f4d6f288,0x00000000f7f80000)
  to   space 186880K, 0% used [0x00000000e1a80000,0x00000000e1a80000,0x00000000ed100000)
 ParOldGen       total 682496K, used 595041K [0x0000000081a00000, 0x00000000ab480000, 0x00000000d5e00000)
  object space 682496K, 87% used [0x0000000081a00000,0x00000000a5f187b0,0x00000000ab480000)
 Metaspace       used 7122K, capacity 7235K, committed 7424K, reserved 1056768K
  class space    used 639K, capacity 656K, committed 768K, reserved 1048576K
Event: 1143.405 GC heap after
Heap after GC invocations=339 (full 12):
 PSYoungGen      total 379904K, used 133966K [0x00000000d5e00000, 0x00000000f9880000, 0x0000000100000000)
  eden space 193024K, 0% used [0x00000000d5e00000,0x00000000d5e00000,0x00000000e1a80000)
  from space 186880K, 71% used [0x00000000e1a80000,0x00000000e9d53890,0x00000000ed100000)
  to   space 188928K, 0% used [0x00000000ee000000,0x00000000ee000000,0x00000000f9880000)
 ParOldGen       total 682496K, used 602137K [0x0000000081a00000, 0x00000000ab480000, 0x00000000d5e00000)
  object space 682496K, 88% used [0x0000000081a00000,0x00000000a66067b0,0x00000000ab480000)
 Metaspace       used 7122K, capacity 7235K, committed 7424K, reserved 1056768K
  class space    used 639K, capacity 656K, committed 768K, reserved 1048576K
}
Event: 1161.556 GC heap before
{Heap before GC invocations=340 (full 12):
 PSYoungGen      total 379904K, used 326990K [0x00000000d5e00000, 0x00000000f9880000, 0x0000000100000000)
  eden space 193024K, 100% used [0x00000000d5e00000,0x00000000e1a80000,0x00000000e1a80000)
  from space 186880K, 71% used [0x00000000e1a80000,0x00000000e9d53890,0x00000000ed100000)
  to   space 188928K, 0% used [0x00000000ee000000,0x00000000ee000000,0x00000000f9880000)
 ParOldGen       total 682496K, used 602137K [0x0000000081a00000, 0x00000000ab480000, 0x00000000d5e00000)
  object space 682496K, 88% used [0x0000000081a00000,0x00000000a66067b0,0x00000000ab480000)
 Metaspace       used 7124K, capacity 7235K, committed 7424K, reserved 1056768K
  class space    used 639K, capacity 656K, committed 768K, reserved 1048576K
Event: 1161.619 GC heap after
Heap after GC invocations=340 (full 12):
 PSYoungGen      total 391680K, used 141008K [0x00000000d5e00000, 0x00000000f9f00000, 0x0000000100000000)
  eden space 202752K, 0% used [0x00000000d5e00000,0x00000000d5e00000,0x00000000e2400000)
  from space 188928K, 74% used [0x00000000ee000000,0x00000000f69b4080,0x00000000f9880000)
  to   space 192512K, 0% used [0x00000000e2400000,0x00000000e2400000,0x00000000ee000000)
 ParOldGen       total 682496K, used 608729K [0x0000000081a00000, 0x00000000ab480000, 0x00000000d5e00000)
  object space 682496K, 89% used [0x0000000081a00000,0x00000000a6c767b0,0x00000000ab480000)
 Metaspace       used 7124K, capacity 7235K, committed 7424K, reserved 1056768K
  class space    used 639K, capacity 656K, committed 768K, reserved 1048576K
}
Event: 1181.055 GC heap before
{Heap before GC invocations=341 (full 12):
 PSYoungGen      total 391680K, used 343760K [0x00000000d5e00000, 0x00000000f9f00000, 0x0000000100000000)
  eden space 202752K, 100% used [0x00000000d5e00000,0x00000000e2400000,0x00000000e2400000)
  from space 188928K, 74% used [0x00000000ee000000,0x00000000f69b4080,0x00000000f9880000)
  to   space 192512K, 0% used [0x00000000e2400000,0x00000000e2400000,0x00000000ee000000)
 ParOldGen       total 682496K, used 608729K [0x0000000081a00000, 0x00000000ab480000, 0x00000000d5e00000)
  object space 682496K, 89% used [0x0000000081a00000,0x00000000a6c767b0,0x00000000ab480000)
 Metaspace       used 7124K, capacity 7235K, committed 7424K, reserved 1056768K
  class space    used 639K, capacity 656K, committed 768K, reserved 1048576K
Event: 1181.128 GC heap after
Heap after GC invocations=341 (full 12):
 PSYoungGen      total 395264K, used 146960K [0x00000000d5e00000, 0x00000000fb200000, 0x0000000100000000)
  eden space 202752K, 0% used [0x00000000d5e00000,0x00000000d5e00000,0x00000000e2400000)
  from space 192512K, 76% used [0x00000000e2400000,0x00000000eb384080,0x00000000ee000000)
  to   space 197120K, 0% used [0x00000000ef180000,0x00000000ef180000,0x00000000fb200000)
 ParOldGen       total 682496K, used 615425K [0x0000000081a00000, 0x00000000ab480000, 0x00000000d5e00000)
  object space 682496K, 90% used [0x0000000081a00000,0x00000000a73007b0,0x00000000ab480000)
 Metaspace       used 7124K, capacity 7235K, committed 7424K, reserved 1056768K
  class space    used 639K, capacity 656K, committed 768K, reserved 1048576K
}

Deoptimization events (7 events):
Event: 4.375 Thread 0x000000001a1d1000 Uncommon trap: reason=null_check action=make_not_entrant pc=0x000000000336af70 method=com.badlogic.gdx.utils.ObjectIntMap.put(Ljava/lang/Object;I)V @ 43
Event: 4.459 Thread 0x000000001a1d1000 Uncommon trap: reason=null_check action=make_not_entrant pc=0x0000000003374578 method=com.badlogic.gdx.utils.ObjectIntMap.put(Ljava/lang/Object;I)V @ 75
Event: 4.561 Thread 0x000000001a1d1000 Uncommon trap: reason=null_check action=make_not_entrant pc=0x00000000033762d8 method=com.badlogic.gdx.utils.ObjectIntMap.put(Ljava/lang/Object;I)V @ 107
Event: 5.095 Thread 0x000000001a1d1000 Uncommon trap: reason=unstable_if action=reinterpret pc=0x0000000003368114 method=java.nio.Bits.tryReserveMemory(JI)Z @ 29
Event: 14.499 Thread 0x0000000003032000 Uncommon trap: reason=unstable_if action=reinterpret pc=0x000000000339f2f0 method=sun.misc.Cleaner.remove(Lsun/misc/Cleaner;)Z @ 14
Event: 48.364 Thread 0x000000001a1d1000 Uncommon trap: reason=unstable_if action=reinterpret pc=0x0000000003467e50 method=org.lwjgl.opengl.Sync.sync(I)V @ 30
Event: 845.442 Thread 0x000000001a1d1000 Uncommon trap: reason=unstable_if action=reinterpret pc=0x000000000334c760 method=java.nio.Bits.tryReserveMemory(JI)Z @ 29

Internal exceptions (10 events):
Event: 0.134 Thread 0x0000000002f42800 Exception <a 'java/security/PrivilegedActionException'> (0x00000000d609fab0) thrown at [C:\re\workspace\8-2-build-windows-amd64-cygwin\jdk8u102\7268\hotspot\src\share\vm\prims\jvm.cpp, line 1386]
Event: 0.263 Thread 0x0000000002f42800 Exception <a 'java/security/PrivilegedActionException'> (0x00000000d6284b38) thrown at [C:\re\workspace\8-2-build-windows-amd64-cygwin\jdk8u102\7268\hotspot\src\share\vm\prims\jvm.cpp, line 1386]
Event: 0.263 Thread 0x0000000002f42800 Exception <a 'java/security/PrivilegedActionException'> (0x00000000d6286810) thrown at [C:\re\workspace\8-2-build-windows-amd64-cygwin\jdk8u102\7268\hotspot\src\share\vm\prims\jvm.cpp, line 1386]
Event: 0.263 Thread 0x0000000002f42800 Exception <a 'java/security/PrivilegedActionException'> (0x00000000d6287980) thrown at [C:\re\workspace\8-2-build-windows-amd64-cygwin\jdk8u102\7268\hotspot\src\share\vm\prims\jvm.cpp, line 1386]
Event: 0.263 Thread 0x0000000002f42800 Exception <a 'java/security/PrivilegedActionException'> (0x00000000d628cae8) thrown at [C:\re\workspace\8-2-build-windows-amd64-cygwin\jdk8u102\7268\hotspot\src\share\vm\prims\jvm.cpp, line 1386]
Event: 0.263 Thread 0x0000000002f42800 Exception <a 'java/security/PrivilegedActionException'> (0x00000000d628d760) thrown at [C:\re\workspace\8-2-build-windows-amd64-cygwin\jdk8u102\7268\hotspot\src\share\vm\prims\jvm.cpp, line 1386]
Event: 0.263 Thread 0x0000000002f42800 Exception <a 'java/security/PrivilegedActionException'> (0x00000000d628e388) thrown at [C:\re\workspace\8-2-build-windows-amd64-cygwin\jdk8u102\7268\hotspot\src\share\vm\prims\jvm.cpp, line 1386]
Event: 4.375 Thread 0x000000001a1d1000 Implicit null exception at 0x000000000336a9ae to 0x000000000336af45
Event: 4.459 Thread 0x000000001a1d1000 Implicit null exception at 0x0000000003374022 to 0x0000000003374545
Event: 4.561 Thread 0x000000001a1d1000 Implicit null exception at 0x0000000003375e90 to 0x000000000337629d

Events (10 events):
Event: 1121.886 Executing VM operation: ParallelGCFailedAllocation
Event: 1124.975 Executing VM operation: ParallelGCFailedAllocation done
Event: 1138.618 Thread 0x0000000017b8e000 flushing nmethod 0x0000000003373bd0
Event: 1138.618 Thread 0x0000000017b8e000 flushing nmethod 0x0000000003375910
Event: 1143.286 Executing VM operation: ParallelGCFailedAllocation
Event: 1143.405 Executing VM operation: ParallelGCFailedAllocation done
Event: 1161.556 Executing VM operation: ParallelGCFailedAllocation
Event: 1161.619 Executing VM operation: ParallelGCFailedAllocation done
Event: 1181.055 Executing VM operation: ParallelGCFailedAllocation
Event: 1181.128 Executing VM operation: ParallelGCFailedAllocation done


Dynamic libraries:
0x00007ff756c90000 - 0x00007ff756cc7000 	C:\Program Files\Java\jdk1.8.0_102\bin\java.exe
0x00007fff7ba30000 - 0x00007fff7bc01000 	C:\WINDOWS\SYSTEM32\ntdll.dll
0x00007fff7a7d0000 - 0x00007fff7a87b000 	C:\WINDOWS\System32\KERNEL32.DLL
0x00007fff77f20000 - 0x00007fff7813d000 	C:\WINDOWS\System32\KERNELBASE.dll
0x00007fff7a880000 - 0x00007fff7a922000 	C:\WINDOWS\System32\ADVAPI32.dll
0x00007fff7b360000 - 0x00007fff7b3fe000 	C:\WINDOWS\System32\msvcrt.dll
0x00007fff7ad10000 - 0x00007fff7ad69000 	C:\WINDOWS\System32\sechost.dll
0x00007fff7ab60000 - 0x00007fff7ac81000 	C:\WINDOWS\System32\RPCRT4.dll
0x00007fff7a9f0000 - 0x00007fff7ab55000 	C:\WINDOWS\System32\USER32.dll
0x00007fff78d00000 - 0x00007fff78d1e000 	C:\WINDOWS\System32\win32u.dll
0x00007fff7b500000 - 0x00007fff7b534000 	C:\WINDOWS\System32\GDI32.dll
0x00007fff78140000 - 0x00007fff782c2000 	C:\WINDOWS\System32\gdi32full.dll
0x00007fff682a0000 - 0x00007fff68519000 	C:\WINDOWS\WinSxS\amd64_microsoft.windows.common-controls_6595b64144ccf1df_6.0.14393.447_none_42191651c6827bb3\COMCTL32.dll
0x00007fff7b620000 - 0x00007fff7b8e8000 	C:\WINDOWS\System32\combase.dll
0x00007fff782d0000 - 0x00007fff783c5000 	C:\WINDOWS\System32\ucrtbase.dll
0x00007fff78d80000 - 0x00007fff78dea000 	C:\WINDOWS\System32\bcryptPrimitives.dll
0x00007fff7a9c0000 - 0x00007fff7a9ee000 	C:\WINDOWS\System32\IMM32.DLL
0x00000000641b0000 - 0x0000000064281000 	C:\Program Files\Java\jdk1.8.0_102\jre\bin\msvcr100.dll
0x0000000064290000 - 0x0000000064b2a000 	C:\Program Files\Java\jdk1.8.0_102\jre\bin\server\jvm.dll
0x00007fff7ac90000 - 0x00007fff7ac98000 	C:\WINDOWS\System32\PSAPI.DLL
0x00007fff761c0000 - 0x00007fff761e3000 	C:\WINDOWS\SYSTEM32\WINMM.dll
0x00007fff745e0000 - 0x00007fff745e9000 	C:\WINDOWS\SYSTEM32\WSOCK32.dll
0x00007fff69250000 - 0x00007fff6925a000 	C:\WINDOWS\SYSTEM32\VERSION.dll
0x00007fff7b540000 - 0x00007fff7b5aa000 	C:\WINDOWS\System32\WS2_32.dll
0x00007fff760e0000 - 0x00007fff7610b000 	C:\WINDOWS\SYSTEM32\WINMMBASE.dll
0x00007fff783d0000 - 0x00007fff78412000 	C:\WINDOWS\System32\cfgmgr32.dll
0x0000000064160000 - 0x000000006416f000 	C:\Program Files\Java\jdk1.8.0_102\jre\bin\verify.dll
0x0000000064130000 - 0x0000000064159000 	C:\Program Files\Java\jdk1.8.0_102\jre\bin\java.dll
0x0000000064110000 - 0x0000000064126000 	C:\Program Files\Java\jdk1.8.0_102\jre\bin\zip.dll
0x00007fff79120000 - 0x00007fff7a629000 	C:\WINDOWS\System32\SHELL32.dll
0x00007fff78570000 - 0x00007fff78c4a000 	C:\WINDOWS\System32\windows.storage.dll
0x00007fff77ea0000 - 0x00007fff77eec000 	C:\WINDOWS\System32\powrprof.dll
0x00007fff7b5b0000 - 0x00007fff7b602000 	C:\WINDOWS\System32\shlwapi.dll
0x00007fff77f10000 - 0x00007fff77f1f000 	C:\WINDOWS\System32\kernel.appcore.dll
0x00007fff78c50000 - 0x00007fff78cf9000 	C:\WINDOWS\System32\shcore.dll
0x00007fff77ef0000 - 0x00007fff77f04000 	C:\WINDOWS\System32\profapi.dll
0x0000000065580000 - 0x0000000065616000 	C:\Users\Magnus\AppData\Local\Temp\libgdxMagnus\a9daadd6\gdx64.dll
0x00007fff77960000 - 0x00007fff77977000 	C:\WINDOWS\SYSTEM32\CRYPTSP.dll
0x00007fff773d0000 - 0x00007fff77403000 	C:\WINDOWS\system32\rsaenh.dll
0x00007fff77a70000 - 0x00007fff77a9b000 	C:\WINDOWS\SYSTEM32\bcrypt.dll
0x00007fff77640000 - 0x00007fff7765f000 	C:\WINDOWS\SYSTEM32\USERENV.dll
0x00007fff77980000 - 0x00007fff7798b000 	C:\WINDOWS\SYSTEM32\CRYPTBASE.dll
0x00000000640f0000 - 0x000000006410a000 	C:\Program Files\Java\jdk1.8.0_102\jre\bin\net.dll
0x00007fff777c0000 - 0x00007fff7781c000 	C:\WINDOWS\system32\mswsock.dll
0x00007fff77550000 - 0x00007fff77588000 	C:\WINDOWS\SYSTEM32\IPHLPAPI.DLL
0x00007fff7a950000 - 0x00007fff7a958000 	C:\WINDOWS\System32\NSI.dll
0x00007fff72860000 - 0x00007fff72876000 	C:\WINDOWS\SYSTEM32\dhcpcsvc6.DLL
0x00007fff72500000 - 0x00007fff7251a000 	C:\WINDOWS\SYSTEM32\dhcpcsvc.DLL
0x00000000640d0000 - 0x00000000640e1000 	C:\Program Files\Java\jdk1.8.0_102\jre\bin\nio.dll
0x0000000180000000 - 0x0000000180053000 	C:\Users\Magnus\AppData\Local\Temp\libgdxMagnus\dc0f0009\lwjgl64.dll
0x00007fff55ac0000 - 0x00007fff55be3000 	C:\WINDOWS\SYSTEM32\OPENGL32.dll
0x00007fff558e0000 - 0x00007fff559d7000 	C:\WINDOWS\SYSTEM32\DDRAW.dll
0x00007fff559e0000 - 0x00007fff55a0d000 	C:\WINDOWS\SYSTEM32\GLU32.dll
0x00007fff59d80000 - 0x00007fff59d88000 	C:\WINDOWS\SYSTEM32\DCIMAN32.dll
0x000000001a920000 - 0x000000001a984000 	C:\Users\Magnus\AppData\Local\Temp\libgdxMagnus\dc0f0009\OpenAL64.dll
0x00007fff7b8f0000 - 0x00007fff7ba27000 	C:\WINDOWS\System32\ole32.dll
0x00007fff765e0000 - 0x00007fff76675000 	C:\WINDOWS\system32\uxtheme.dll
0x00007fff7b460000 - 0x00007fff7b4ff000 	C:\WINDOWS\System32\clbcatq.dll
0x00007fff74800000 - 0x00007fff74985000 	C:\WINDOWS\System32\PROPSYS.dll
0x00007fff7b2a0000 - 0x00007fff7b35f000 	C:\WINDOWS\System32\OLEAUT32.dll
0x00007fff78420000 - 0x00007fff784bc000 	C:\WINDOWS\System32\msvcp_win.dll
0x00007fff6a3f0000 - 0x00007fff6a48b000 	C:\WINDOWS\SYSTEM32\dsound.dll
0x00007fff72cd0000 - 0x00007fff72d41000 	C:\WINDOWS\System32\MMDevApi.dll
0x00007fff76a70000 - 0x00007fff76a98000 	C:\WINDOWS\System32\DEVOBJ.dll
0x00007fff55780000 - 0x00007fff55814000 	C:\WINDOWS\SYSTEM32\AUDIOSES.DLL
0x00007fff74fb0000 - 0x00007fff750e6000 	C:\WINDOWS\SYSTEM32\wintypes.dll
0x00007fff78fc0000 - 0x00007fff7911b000 	C:\WINDOWS\System32\MSCTF.dll
0x00007fff754b0000 - 0x00007fff754d6000 	C:\WINDOWS\system32\dwmapi.dll
0x00007fff45700000 - 0x00007fff4644a000 	C:\WINDOWS\System32\DriverStore\FileRepository\igdlh64.inf_amd64_463164d40c3d26ce\ig9icd64.dll
0x00007fff745c0000 - 0x00007fff745d3000 	C:\WINDOWS\SYSTEM32\WTSAPI32.dll
0x00007fff698b0000 - 0x00007fff69941000 	C:\WINDOWS\SYSTEM32\mscms.dll
0x00007fff6c930000 - 0x00007fff6c972000 	C:\WINDOWS\SYSTEM32\icm32.dll
0x00007fff6f5c0000 - 0x00007fff7071d000 	C:\WINDOWS\System32\DriverStore\FileRepository\igdlh64.inf_amd64_463164d40c3d26ce\igc64.dll
0x00007fff74330000 - 0x00007fff744c2000 	C:\WINDOWS\SYSTEM32\dbghelp.dll

VM Arguments:
java_command: spilprojekt4.core.Main
java_class_path (initial): C:\Users\Magnus\Documents\NetBeansProjects\SpilProjekt44\Core\target\classes;C:\Users\Magnus\Documents\NetBeansProjects\SpilProjekt44\Common\target\classes;C:\Users\Magnus\.m2\repository\com\badlogicgames\gdx\gdx\1.9.5\gdx-1.9.5.jar;C:\Users\Magnus\.m2\repository\com\badlogicgames\gdx\gdx-platform\1.9.5\gdx-platform-1.9.5-natives-desktop.jar;C:\Users\Magnus\.m2\repository\com\badlogicgames\gdx\gdx-box2d\1.9.5\gdx-box2d-1.9.5.jar;C:\Users\Magnus\.m2\repository\com\badlogicgames\gdx\gdx-box2d-platform\1.9.5\gdx-box2d-platform-1.9.5-natives-desktop.jar;C:\Users\Magnus\.m2\repository\com\badlogicgames\gdx\gdx-freetype\1.9.5\gdx-freetype-1.9.5.jar;C:\Users\Magnus\.m2\repository\com\badlogicgames\gdx\gdx-freetype-platform\1.9.5\gdx-freetype-platform-1.9.5-natives-desktop.jar;C:\Users\Magnus\.m2\repository\com\badlogicgames\gdx\gdx-backend-lwjgl\1.9.5\gdx-backend-lwjgl-1.9.5.jar;C:\Users\Magnus\.m2\repository\org\lwjgl\lwjgl\lwjgl\2.9.2\lwjgl-2.9.2.jar;C:\Users\Magnus\.m2\repository\org\lwjgl\lwjgl\lwjgl-platform\2.9.2\lwjgl-platform-2.9.2-natives-windows.jar;C:\Users\Magnus\.m2\repository\org\lwjgl\lwjgl\lwjgl-platform\2.9.2\lwjgl-platform-2.9.2-natives-linux.jar;C:\Users\Magnus\.m2\repository\org\lwjgl\lwjgl\lwjgl-platform\2.9.2\lwjgl-platform-2.9.2-natives-osx.jar;C:\Users\Magnus\.m2\repository\net\java\jinput\jinput\2.0.5\jinput-2.0.5.jar;C:\Users\Magnus\.m2\repository\net\java\jutils\jutils\1.0.0\jutils-1.0.0.jar;C:\Users\Magnus\.m2\repository\net\java\jinput\jinput-platform\2.0.5\jinput-platform-2.0.5-natives-linux.jar;C:\Users\Magnus\.m2\repository\net\java\jinput\jinput-platform\2.0.5\jinput-platform-2.0.5-natives-windows.jar;C:\Users\Magnus\.m2\repository\net\java\jinput\jinput-platform\2.0.5\jinput-platform-2.0.5-natives-osx.jar;C:\Users\Magnus\.m2\repository\org\lwjgl\lwjgl\lwjgl_util\2.9.2\lwjgl_util-2.9.2.jar;C:\Users\Magnus\.m2\repository\com\badlogicgames\jlayer\jlayer\1.0.1-gdx\jlayer-1.0.1-gdx.jar;C:\Users\Magnus\.m2\repository
Launcher Type: SUN_STANDARD

Environment Variables:
JAVA_HOME=C:\Program Files\Java\jdk1.8.0_102
PATH=C:\Program Files (x86)\Intel\iCLS Client\;C:\Program Files\Intel\iCLS Client\;C:\Windows\system32;C:\Windows;C:\Windows\System32\Wbem;C:\Windows\System32\WindowsPowerShell\v1.0\;C:\Program Files (x86)\NVIDIA Corporation\PhysX\Common;C:\Program Files (x86)\Intel\Intel(R) Management Engine Components\DAL;C:\Program Files\Intel\Intel(R) Management Engine Components\DAL;C:\Program Files (x86)\Intel\Intel(R) Management Engine Components\IPT;C:\Program Files\Intel\Intel(R) Management Engine Components\IPT;C:\Program Files\Intel\WiFi\bin\;C:\Program Files\Common Files\Intel\WirelessCommon\;C:\WINDOWS\system32;C:\WINDOWS;C:\WINDOWS\System32\Wbem;C:\WINDOWS\System32\WindowsPowerShell\v1.0\;C:\WINDOWS\system32\config\systemprofile\.dnx\bin;C:\Program Files\Microsoft DNX\Dnvm\;C:\Program Files\Microsoft SQL Server\130\Tools\Binn\;C:\Program Files (x86)\Skype\Phone\;C:\Program Files\apache-maven-3.3.9\bin;C:\Program Files (x86)\VisualSVN\bin;C:\Program Files\Java\jdk1.8.0_102\bin;C:\Users\Magnus\AppData\Local\Programs\Python\Python36-32\Scripts\;C:\Users\Magnus\AppData\Local\Programs\Python\Python36-32\;C:\Users\Magnus\AppData\Local\Microsoft\WindowsApps;
USERNAME=Magnus
OS=Windows_NT
PROCESSOR_IDENTIFIER=Intel64 Family 6 Model 78 Stepping 3, GenuineIntel



---------------  S Y S T E M  ---------------

OS: Windows 10.0 , 64 bit Build 14393 (10.0.14393.0)

CPU:total 4 (2 cores per cpu, 2 threads per core) family 6 model 78 stepping 3, cmov, cx8, fxsr, mmx, sse, sse2, sse3, ssse3, sse4.1, sse4.2, popcnt, avx, avx2, aes, clmul, erms, 3dnowpref, lzcnt, ht, tsc, tscinvbit, bmi1, bmi2, adx

Memory: 4k page, physical 8277864k(1181252k free), swap 33443688k(1888k free)

vm_info: Java HotSpot(TM) 64-Bit Server VM (25.102-b14) for windows-amd64 JRE (1.8.0_102-b14), built on Jun 22 2016 13:15:21 by "java_re" with MS VC++ 10.0 (VS2010)

time: Tue Feb 28 10:33:36 2017
elapsed time: 1186 seconds (0d 0h 19m 46s)

